  Game.cpp
D:\SFML\Project1\Entity.h(50,36): warning C4244: аргумент: преобразование "int" в "T", возможна потеря данных
          with
          [
              T=float
          ]
D:\SFML\Project1\Entity.h(50,30): warning C4244: аргумент: преобразование "int" в "T", возможна потеря данных
          with
          [
              T=float
          ]
D:\SFML\Project1\Entity.h(51,40): warning C4244: аргумент: преобразование "int" в "T", возможна потеря данных
          with
          [
              T=float
          ]
D:\SFML\Project1\Entity.h(51,34): warning C4244: аргумент: преобразование "int" в "T", возможна потеря данных
          with
          [
              T=float
          ]
D:\SFML\Project1\Entity.h(77,36): warning C4244: аргумент: преобразование "int" в "T", возможна потеря данных
          with
          [
              T=float
          ]
D:\SFML\Project1\Entity.h(77,30): warning C4244: аргумент: преобразование "int" в "T", возможна потеря данных
          with
          [
              T=float
          ]
D:\SFML\Project1\Entity.h(78,40): warning C4244: аргумент: преобразование "int" в "T", возможна потеря данных
          with
          [
              T=float
          ]
D:\SFML\Project1\Entity.h(78,34): warning C4244: аргумент: преобразование "int" в "T", возможна потеря данных
          with
          [
              T=float
          ]
D:\SFML\Project1\Cell.h(18,36): warning C4244: аргумент: преобразование "int" в "T", возможна потеря данных
          with
          [
              T=float
          ]
D:\SFML\Project1\Cell.h(18,30): warning C4244: аргумент: преобразование "int" в "T", возможна потеря данных
          with
          [
              T=float
          ]
D:\SFML\Project1\Cell.h(19,49): warning C4244: аргумент: преобразование "int" в "T", возможна потеря данных
          with
          [
              T=float
          ]
D:\SFML\Project1\Cell.h(19,38): warning C4244: аргумент: преобразование "int" в "T", возможна потеря данных
          with
          [
              T=float
          ]
D:\SFML\Project1\Ghost.h(217,38): warning C4244: аргумент: преобразование "int" в "float", возможна потеря данных
D:\SFML\Project1\Ghost.h(226,37): warning C4244: аргумент: преобразование "int" в "float", возможна потеря данных
D:\SFML\Project1\Ghost.h(235,38): warning C4244: аргумент: преобразование "int" в "float", возможна потеря данных
D:\SFML\Project1\Ghost.h(244,39): warning C4244: аргумент: преобразование "int" в "float", возможна потеря данных
D:\SFML\Project1\Game.cpp(36,58): warning C4244: аргумент: преобразование "float" в "int", возможна потеря данных
D:\SFML\Project1\Game.cpp(70,90): warning C4244: аргумент: преобразование "float" в "int", возможна потеря данных
D:\SFML\Project1\Game.cpp(70,82): warning C4244: аргумент: преобразование "float" в "int", возможна потеря данных
D:\SFML\Project1\Game.cpp(70,62): warning C4244: аргумент: преобразование "float" в "int", возможна потеря данных
D:\SFML\Project1\Game.cpp(75,100): warning C4244: аргумент: преобразование "float" в "int", возможна потеря данных
D:\SFML\Project1\Game.cpp(75,92): warning C4244: аргумент: преобразование "float" в "int", возможна потеря данных
D:\SFML\Project1\Game.cpp(75,72): warning C4244: аргумент: преобразование "float" в "int", возможна потеря данных
  main.cpp
D:\SFML\Project1\Entity.h(50,36): warning C4244: аргумент: преобразование "int" в "T", возможна потеря данных
          with
          [
              T=float
          ]
D:\SFML\Project1\Entity.h(50,30): warning C4244: аргумент: преобразование "int" в "T", возможна потеря данных
          with
          [
              T=float
          ]
D:\SFML\Project1\Entity.h(51,40): warning C4244: аргумент: преобразование "int" в "T", возможна потеря данных
          with
          [
              T=float
          ]
D:\SFML\Project1\Entity.h(51,34): warning C4244: аргумент: преобразование "int" в "T", возможна потеря данных
          with
          [
              T=float
          ]
D:\SFML\Project1\Entity.h(77,36): warning C4244: аргумент: преобразование "int" в "T", возможна потеря данных
          with
          [
              T=float
          ]
D:\SFML\Project1\Entity.h(77,30): warning C4244: аргумент: преобразование "int" в "T", возможна потеря данных
          with
          [
              T=float
          ]
D:\SFML\Project1\Entity.h(78,40): warning C4244: аргумент: преобразование "int" в "T", возможна потеря данных
          with
          [
              T=float
          ]
D:\SFML\Project1\Entity.h(78,34): warning C4244: аргумент: преобразование "int" в "T", возможна потеря данных
          with
          [
              T=float
          ]
D:\SFML\Project1\Cell.h(18,36): warning C4244: аргумент: преобразование "int" в "T", возможна потеря данных
          with
          [
              T=float
          ]
D:\SFML\Project1\Cell.h(18,30): warning C4244: аргумент: преобразование "int" в "T", возможна потеря данных
          with
          [
              T=float
          ]
D:\SFML\Project1\Cell.h(19,49): warning C4244: аргумент: преобразование "int" в "T", возможна потеря данных
          with
          [
              T=float
          ]
D:\SFML\Project1\Cell.h(19,38): warning C4244: аргумент: преобразование "int" в "T", возможна потеря данных
          with
          [
              T=float
          ]
D:\SFML\Project1\Ghost.h(217,38): warning C4244: аргумент: преобразование "int" в "float", возможна потеря данных
D:\SFML\Project1\Ghost.h(226,37): warning C4244: аргумент: преобразование "int" в "float", возможна потеря данных
D:\SFML\Project1\Ghost.h(235,38): warning C4244: аргумент: преобразование "int" в "float", возможна потеря данных
D:\SFML\Project1\Ghost.h(244,39): warning C4244: аргумент: преобразование "int" в "float", возможна потеря данных
  Создание кода...
  Project1.vcxproj -> D:\SFML\Project1\x64\Debug\Project1.exe
