d:\sfml\project1\x64\debug\vc143.pdb
d:\sfml\project1\x64\debug\vc143.idb
d:\sfml\project1\x64\debug\pacman.obj
d:\sfml\project1\x64\debug\main.obj
d:\sfml\project1\x64\debug\ghost.obj
d:\sfml\project1\x64\debug\game.obj
d:\sfml\project1\x64\debug\entity.obj
d:\sfml\project1\x64\debug\cell.obj
d:\sfml\project1\x64\debug\project1.pdb
d:\sfml\project1\x64\debug\project1.tlog\cl.command.1.tlog
d:\sfml\project1\x64\debug\project1.tlog\cl.read.1.tlog
d:\sfml\project1\x64\debug\project1.tlog\cl.write.1.tlog
d:\sfml\project1\x64\debug\project1.tlog\link-cvtres.read.1.tlog
d:\sfml\project1\x64\debug\project1.tlog\link-cvtres.write.1.tlog
d:\sfml\project1\x64\debug\project1.tlog\link-rc.read.1.tlog
d:\sfml\project1\x64\debug\project1.tlog\link-rc.write.1.tlog
d:\sfml\project1\x64\debug\project1.tlog\link.command.1.tlog
d:\sfml\project1\x64\debug\project1.tlog\link.read.1.tlog
d:\sfml\project1\x64\debug\project1.tlog\link.read.2.tlog
d:\sfml\project1\x64\debug\project1.tlog\link.read.3.tlog
d:\sfml\project1\x64\debug\project1.tlog\link.write.1.tlog
